<?xml version="1.0" encoding="UTF-8"?>
<testng-results ignored="0" total="2" passed="2" failed="0" skipped="0">
  <reporter-output>
  </reporter-output>
  <suite started-at="2025-04-20T00:04:10 IST" name="Default suite" finished-at="2025-04-20T00:04:15 IST" duration-ms="5441">
    <groups>
      <group name="cucumber">
        <method signature="AbstractTestNGCucumberTests.runScenario(io.cucumber.testng.PickleWrapper,io.cucumber.testng.FeatureWrapper)[pri:0, instance:landing.testRunner@7ee8290b]" name="runScenario" class="io.cucumber.testng.AbstractTestNGCucumberTests"/>
      </group> <!-- cucumber -->
    </groups>
    <test started-at="2025-04-20T00:04:10 IST" name="Default test" finished-at="2025-04-20T00:04:15 IST" duration-ms="5441">
      <class name="landing.testRunner">
        <test-method is-config="true" signature="setUpClass(org.testng.ITestContext)[pri:0, instance:landing.testRunner@7ee8290b]" started-at="2025-04-20T00:04:10 IST" name="setUpClass" finished-at="2025-04-20T00:04:10 IST" duration-ms="506" status="PASS">
          <params>
            <param index="0">
              <value>
                <![CDATA[org.testng.TestRunner@8a98f38]]>
              </value>
            </param>
          </params>
          <reporter-output>
          </reporter-output>
        </test-method> <!-- setUpClass -->
        <test-method signature="runScenario(io.cucumber.testng.PickleWrapper,io.cucumber.testng.FeatureWrapper)[pri:0, instance:landing.testRunner@7ee8290b]" started-at="2025-04-20T00:04:10 IST" name="runScenario" description="Runs Cucumber Scenarios" data-provider="scenarios" finished-at="2025-04-20T00:04:13 IST" duration-ms="2790" status="PASS">
          <params>
            <param index="0">
              <value>
                <![CDATA["user try to login"]]>
              </value>
            </param>
            <param index="1">
              <value>
                <![CDATA["Go to landing"]]>
              </value>
            </param>
          </params>
          <reporter-output>
          </reporter-output>
        </test-method> <!-- runScenario -->
        <test-method signature="runScenario(io.cucumber.testng.PickleWrapper,io.cucumber.testng.FeatureWrapper)[pri:0, instance:landing.testRunner@7ee8290b]" started-at="2025-04-20T00:04:13 IST" name="runScenario" description="Runs Cucumber Scenarios" data-provider="scenarios" finished-at="2025-04-20T00:04:15 IST" duration-ms="2078" status="PASS">
          <params>
            <param index="0">
              <value>
                <![CDATA["user try to login"]]>
              </value>
            </param>
            <param index="1">
              <value>
                <![CDATA["Go to landing"]]>
              </value>
            </param>
          </params>
          <reporter-output>
          </reporter-output>
        </test-method> <!-- runScenario -->
        <test-method is-config="true" signature="tearDownClass()[pri:0, instance:landing.testRunner@7ee8290b]" started-at="2025-04-20T00:04:15 IST" name="tearDownClass" finished-at="2025-04-20T00:04:15 IST" duration-ms="15" status="PASS">
          <reporter-output>
          </reporter-output>
        </test-method> <!-- tearDownClass -->
      </class> <!-- landing.testRunner -->
    </test> <!-- Default test -->
  </suite> <!-- Default suite -->
</testng-results>
